
> Task :frontend:openApiGenerators
The following generators are available:

CLIENT generators:
    - ada
    - android
    - apex
    - bash
    - c
    - clojure
    - cpp-qt5-client
    - cpp-restsdk
    - cpp-tizen
    - csharp
    - csharp-netcore
    - dart
    - dart-dio
    - dart-jaguar
    - eiffel
    - elixir
    - elm
    - erlang-client
    - erlang-proper
    - flash
    - go
    - go-experimental (experimental)
    - groovy
    - haskell-http-client
    - java
    - javascript
    - javascript-apollo (beta)
    - javascript-closure-angular
    - javascript-flowtyped
    - jaxrs-cxf-client
    - jmeter
    - k6 (beta)
    - kotlin
    - lua
    - nim (beta)
    - objc
    - ocaml
    - perl
    - php
    - powershell
    - powershell-experimental (beta)
    - python
    - python-experimental (experimental)
    - r
    - ruby
    - rust
    - scala-akka
    - scala-gatling
    - scala-sttp (beta)
    - scalaz
    - swift4
    - swift5 (beta)
    - typescript-angular
    - typescript-angularjs
    - typescript-aurelia
    - typescript-axios
    - typescript-fetch
    - typescript-inversify
    - typescript-jquery
    - typescript-node
    - typescript-redux-query
    - typescript-rxjs


SERVER generators:
    - ada-server
    - aspnetcore
    - cpp-pistache-server
    - cpp-qt5-qhttpengine-server
    - cpp-restbed-server
    - csharp-nancyfx
    - erlang-server
    - fsharp-functions (beta)
    - fsharp-giraffe-server (beta)
    - go-gin-server
    - go-server
    - graphql-nodejs-express-server
    - haskell
    - java-inflector
    - java-msf4j
    - java-pkmst
    - java-play-framework
    - java-undertow-server
    - java-vertx
    - java-vertx-web (beta)
    - jaxrs-cxf
    - jaxrs-cxf-cdi
    - jaxrs-cxf-extended
    - jaxrs-jersey
    - jaxrs-resteasy
    - jaxrs-resteasy-eap
    - jaxrs-spec
    - kotlin-server
    - kotlin-spring
    - kotlin-vertx (beta)
    - nodejs-express-server (beta)
    - php-laravel
    - php-lumen
    - php-silex
    - php-slim4
    - php-symfony
    - php-ze-ph
    - python-aiohttp
    - python-blueplanet
    - python-flask
    - ruby-on-rails
    - ruby-sinatra
    - rust-server
    - scala-finch
    - scala-lagom-server
    - scala-play-server
    - scalatra
    - spring


DOCUMENTATION generators:
    - asciidoc
    - cwiki
    - dynamic-html
    - html
    - html2
    - markdown (beta)
    - openapi
    - openapi-yaml


SCHEMA generators:
    - avro-schema (beta)
    - mysql-schema


CONFIG generators:
    - apache2
    - graphql-schema
    - protobuf-schema (beta)


OTHER generators:





BUILD SUCCESSFUL in 2s
1 actionable task: 1 executed
